#
# A fatal error has been detected by the Java Runtime Environment:
#
#  EXCEPTION_ACCESS_VIOLATION (0xc0000005) at pc=0x000007fef882dee8, pid=8604, tid=7748
#
# JRE version: Java(TM) SE Runtime Environment (7.0_71-b14) (build 1.7.0_71-b14)
# Java VM: Java HotSpot(TM) 64-Bit Server VM (24.71-b01 mixed mode windows-amd64 compressed oops)
# Problematic frame:
# C  [MSVCR120.dll+0x6dee8]
#
# Failed to write core dump. Minidumps are not enabled by default on client versions of Windows
#
# If you would like to submit a bug report, please visit:
#   http://bugreport.sun.com/bugreport/crash.jsp
# The crash happened outside the Java Virtual Machine in native code.
# See problematic frame for where to report the bug.
#

---------------  T H R E A D  ---------------

Current thread (0x000000000faa2800):  JavaThread "Swing-Shell" daemon [_thread_in_native, id=7748, stack(0x0000000010c00000,0x0000000010d00000)]

siginfo: ExceptionCode=0xc0000005, writing address 0x00000000ebb031b0

Registers:
RAX=0x00000000ebb031b0, RBX=0x0000000010cfbd50, RCX=0x00000000003e0dd0, RDX=0x0000000010ac9300
RSP=0x0000000010cfbce0, RBP=0x0000000010cfcbe0, RSI=0x0000000000000000, RDI=0x0000000000000100
R8 =0x0061002e0035001a, R9 =0x0061002f0024001b, R10=0x6f646e69575c3233, R11=0x00000000003e0dd0
R12=0x0000000010cfce60, R13=0x0000000000000000, R14=0x0000000010cfbd48, R15=0x07fe0bacf2c00000
RIP=0x000007fef882dee8, EFLAGS=0x0000000000010202

Top of Stack: (sp=0x0000000010cfbce0)
0x0000000010cfbce0:   0000000010cfbd50 0000000010cfcbe0
0x0000000010cfbcf0:   0000000010cfbe20 0000000000000100
0x0000000010cfbd00:   0000000010cfce60 000007fef7b236a6
0x0000000010cfbd10:   000007fef7b24430 0000000010cfbe20
0x0000000010cfbd20:   0000000010ac2050 000007fefec68810
0x0000000010cfbd30:   000007fef7b287c0 000007fef7b236e9
0x0000000010cfbd40:   0000000010ac2401 00000000003e0dd0
0x0000000010cfbd50:   00000000ebb031b0 0000000076e4728d
0x0000000010cfbd60:   0000000010ac2050 000007fef7b2302a
0x0000000010cfbd70:   000007fef7b287c0 000007fef7b287c0
0x0000000010cfbd80:   0000000010cfbe20 0000000010cfce60
0x0000000010cfbd90:   fffffffffffffffe 0000000000000000
0x0000000010cfbda0:   0000000000000000 000007fefeaa2363
0x0000000010cfbdb0:   0000000000000000 0000000010ac2050
0x0000000010cfbdc0:   0000000000000000 0000000000000000
0x0000000010cfbdd0:   0000000076f35410 0000000000000000 

Instructions: (pc=0x000007fef882dee8)
0x000007fef882dec8:   ff 48 8b c8 48 85 c0 74 21 48 8b 03 49 2b 06 48
0x000007fef882ded8:   c1 f8 03 48 8d 04 c1 48 89 03 49 89 0e 48 8b 03
0x000007fef882dee8:   4c 89 38 48 83 03 08 49 8b f7 e8 dd 48 fb ff 48
0x000007fef882def8:   8b c6 48 8b 5c 24 30 48 8b 74 24 38 48 8b 7c 24 


Register to memory mapping:

RAX=0x00000000ebb031b0 is an unknown value
RBX=0x0000000010cfbd50 is pointing into the stack for thread: 0x000000000faa2800
RCX=0x00000000003e0dd0 is an unknown value
RDX=0x0000000010ac9300 is an unknown value
RSP=0x0000000010cfbce0 is pointing into the stack for thread: 0x000000000faa2800
RBP=0x0000000010cfcbe0 is pointing into the stack for thread: 0x000000000faa2800
RSI=0x0000000000000000 is an unknown value
RDI=0x0000000000000100 is an unknown value
R8 =0x0061002e0035001a is an unknown value
R9 =0x0061002f0024001b is an unknown value
R10=0x6f646e69575c3233 is an unknown value
R11=0x00000000003e0dd0 is an unknown value
R12=0x0000000010cfce60 is pointing into the stack for thread: 0x000000000faa2800
R13=0x0000000000000000 is an unknown value
R14=0x0000000010cfbd48 is pointing into the stack for thread: 0x000000000faa2800
R15=0x07fe0bacf2c00000 is an unknown value


Stack: [0x0000000010c00000,0x0000000010d00000],  sp=0x0000000010cfbce0,  free space=1007k
Native frames: (J=compiled Java code, j=interpreted, Vv=VM code, C=native code)
C  [MSVCR120.dll+0x6dee8]

Java frames: (J=compiled Java code, j=interpreted, Vv=VM code)
j  sun.awt.shell.Win32ShellFolder2.getIconIndex(JJ)I+0
j  sun.awt.shell.Win32ShellFolder2.access$1900(JJ)I+2
j  sun.awt.shell.Win32ShellFolder2$15.call()Ljava/awt/Image;+52
j  sun.awt.shell.Win32ShellFolder2$15.call()Ljava/lang/Object;+1
j  java.util.concurrent.FutureTask.run()V+42
j  java.util.concurrent.ThreadPoolExecutor.runWorker(Ljava/util/concurrent/ThreadPoolExecutor$Worker;)V+95
j  java.util.concurrent.ThreadPoolExecutor$Worker.run()V+5
j  sun.awt.shell.Win32ShellFolderManager2$ComInvoker$3.run()V+7
j  java.lang.Thread.run()V+11
v  ~StubRoutines::call_stub

---------------  P R O C E S S  ---------------

Java Threads: ( => current thread )
=>0x000000000faa2800 JavaThread "Swing-Shell" daemon [_thread_in_native, id=7748, stack(0x0000000010c00000,0x0000000010d00000)]
  0x000000000fa1f800 JavaThread "Image Fetcher 1" daemon [_thread_blocked, id=1268, stack(0x00000000108c0000,0x00000000109c0000)]
  0x000000000e525800 JavaThread "TimerQueue" daemon [_thread_blocked, id=8068, stack(0x000000000f7e0000,0x000000000f8e0000)]
  0x000000000c5f8800 JavaThread "Image Fetcher 0" daemon [_thread_blocked, id=9104, stack(0x000000000f630000,0x000000000f730000)]
  0x0000000002531800 JavaThread "DestroyJavaVM" [_thread_blocked, id=4008, stack(0x00000000027a0000,0x00000000028a0000)]
  0x000000000c5fc000 JavaThread "AWT-EventQueue-0" [_thread_blocked, id=3820, stack(0x000000000f0a0000,0x000000000f1a0000)]
  0x000000000c5e9000 JavaThread "AWT-Windows" daemon [_thread_in_native, id=4736, stack(0x000000000ea00000,0x000000000eb00000)]
  0x000000000c5e7000 JavaThread "AWT-Shutdown" [_thread_blocked, id=7608, stack(0x000000000e780000,0x000000000e880000)]
  0x000000000c5e6800 JavaThread "Java2D Disposer" daemon [_thread_blocked, id=8860, stack(0x000000000e680000,0x000000000e780000)]
  0x000000000c2b5800 JavaThread "Service Thread" daemon [_thread_blocked, id=4564, stack(0x000000000dd10000,0x000000000de10000)]
  0x000000000c2af000 JavaThread "C2 CompilerThread1" daemon [_thread_blocked, id=4412, stack(0x000000000db60000,0x000000000dc60000)]
  0x000000000c2aa000 JavaThread "C2 CompilerThread0" daemon [_thread_blocked, id=6652, stack(0x000000000d990000,0x000000000da90000)]
  0x000000000b20f000 JavaThread "Attach Listener" daemon [_thread_blocked, id=5088, stack(0x000000000d300000,0x000000000d400000)]
  0x000000000b20e800 JavaThread "Signal Dispatcher" daemon [_thread_blocked, id=5752, stack(0x000000000d840000,0x000000000d940000)]
  0x000000000b1fe000 JavaThread "Finalizer" daemon [_thread_blocked, id=8196, stack(0x000000000d5e0000,0x000000000d6e0000)]
  0x000000000b1f7800 JavaThread "Reference Handler" daemon [_thread_blocked, id=6972, stack(0x000000000d430000,0x000000000d530000)]

Other Threads:
  0x000000000b1f0000 VMThread [stack: 0x000000000d200000,0x000000000d300000] [id=7432]
  0x000000000c301800 WatcherThread [stack: 0x000000000d720000,0x000000000d820000] [id=4360]

VM state:not at safepoint (normal execution)

VM Mutex/Monitor currently owned by a thread: None

Heap
 PSYoungGen      total 38400K, used 32604K [0x00000007d5e80000, 0x00000007d8900000, 0x0000000800000000)
  eden space 33280K, 97% used [0x00000007d5e80000,0x00000007d7e57028,0x00000007d7f00000)
  from space 5120K, 0% used [0x00000007d8400000,0x00000007d8400000,0x00000007d8900000)
  to   space 5120K, 0% used [0x00000007d7f00000,0x00000007d7f00000,0x00000007d8400000)
 ParOldGen       total 86016K, used 0K [0x0000000781c00000, 0x0000000787000000, 0x00000007d5e80000)
  object space 86016K, 0% used [0x0000000781c00000,0x0000000781c00000,0x0000000787000000)
 PSPermGen       total 21504K, used 17250K [0x000000077ca00000, 0x000000077df00000, 0x0000000781c00000)
  object space 21504K, 80% used [0x000000077ca00000,0x000000077dad88c0,0x000000077df00000)

Card table byte_map: [0x00000000058a0000,0x0000000005cc0000] byte_map_base: 0x0000000001cbb000

Polling page: 0x0000000000250000

Code Cache  [0x00000000028a0000, 0x0000000002b10000, 0x00000000058a0000)
 total_blobs=616 nmethods=129 adapters=439 free_code_cache=48309Kb largest_free_block=49436992

Compilation events (10 events):
Event: 1.108 Thread 0x000000000c2aa000 nmethod 124 0x0000000002971410 code [0x0000000002971560, 0x0000000002971608]
Event: 1.108 Thread 0x000000000c2aa000  126             com.sun.java.swing.SwingUtilities3::getDelegateRepaintManager (72 bytes)
Event: 1.109 Thread 0x000000000c2af000 nmethod 125 0x0000000002970ed0 code [0x0000000002971040, 0x00000000029711b8]
Event: 1.109 Thread 0x000000000c2af000  127             java.util.Hashtable::rehash (168 bytes)
Event: 1.109 Thread 0x000000000c2aa000 nmethod 126 0x0000000002970a50 code [0x0000000002970bc0, 0x0000000002970cf8]
Event: 1.113 Thread 0x000000000c2af000 nmethod 127 0x0000000002959dd0 code [0x0000000002959f40, 0x000000000295a388]
Event: 1.119 Thread 0x000000000c2aa000  128 % !         sun.net.www.ParseUtil::decode @ 69 (316 bytes)
Event: 1.127 Thread 0x000000000c2af000  129             java.lang.AbstractStringBuilder::expandCapacity (50 bytes)
Event: 1.129 Thread 0x000000000c2af000 nmethod 129 0x0000000002970510 code [0x0000000002970660, 0x00000000029708f8]
Event: 1.139 Thread 0x000000000c2aa000 nmethod 128% 0x0000000002977d10 code [0x0000000002977f80, 0x00000000029790a0]

GC Heap History (0 events):
No events

Deoptimization events (10 events):
Event: 1.084 Thread 0x000000000c5fc000 Uncommon trap: reason=bimorphic action=maybe_recompile pc=0x0000000002967bd8 method=javax.swing.UIDefaults.getFromHashtable(Ljava/lang/Object;)Ljava/lang/Object; @ 126
Event: 1.101 Thread 0x000000000c5fc000 Uncommon trap: reason=class_check action=maybe_recompile pc=0x000000000290fb24 method=java.lang.String.equals(Ljava/lang/Object;)Z @ 8
Event: 1.101 Thread 0x000000000c5fc000 Uncommon trap: reason=class_check action=maybe_recompile pc=0x000000000290fb24 method=java.lang.String.equals(Ljava/lang/Object;)Z @ 8
Event: 1.101 Thread 0x000000000c5fc000 Uncommon trap: reason=class_check action=maybe_recompile pc=0x000000000290fb24 method=java.lang.String.equals(Ljava/lang/Object;)Z @ 8
Event: 1.101 Thread 0x000000000c5fc000 Uncommon trap: reason=class_check action=maybe_recompile pc=0x000000000290fb24 method=java.lang.String.equals(Ljava/lang/Object;)Z @ 8
Event: 1.114 Thread 0x000000000c5fc000 Uncommon trap: reason=unreached action=reinterpret pc=0x000000000295b670 method=java.lang.AbstractStringBuilder.append(Ljava/lang/String;)Ljava/lang/AbstractStringBuilder; @ 1
Event: 1.114 Thread 0x000000000c5fc000 Uncommon trap: reason=unreached action=reinterpret pc=0x0000000002943cb0 method=java.lang.AbstractStringBuilder.append(Ljava/lang/String;)Ljava/lang/AbstractStringBuilder; @ 1
Event: 1.117 Thread 0x000000000c5fc000 Uncommon trap: reason=bimorphic action=maybe_recompile pc=0x0000000002967bd8 method=javax.swing.UIDefaults.getFromHashtable(Ljava/lang/Object;)Ljava/lang/Object; @ 126
Event: 1.118 Thread 0x000000000c5fc000 Uncommon trap: reason=bimorphic action=maybe_recompile pc=0x0000000002967bd8 method=javax.swing.UIDefaults.getFromHashtable(Ljava/lang/Object;)Ljava/lang/Object; @ 126
Event: 1.119 Thread 0x000000000c5fc000 Uncommon trap: reason=bimorphic action=maybe_recompile pc=0x0000000002967bd8 method=javax.swing.UIDefaults.getFromHashtable(Ljava/lang/Object;)Ljava/lang/Object; @ 126

Internal exceptions (10 events):
Event: 1.110 Thread 0x000000000c5fc000 Threw 0x00000007d7d36b50 at C:\re\jdk7u71\1605\hotspot\src\share\vm\prims\jvm.cpp:1281
Event: 1.110 Thread 0x000000000c5fc000 Threw 0x00000007d7d38920 at C:\re\jdk7u71\1605\hotspot\src\share\vm\prims\jvm.cpp:1281
Event: 1.111 Thread 0x000000000c5fc000 Threw 0x00000007d7d3ac00 at C:\re\jdk7u71\1605\hotspot\src\share\vm\prims\jvm.cpp:1281
Event: 1.112 Thread 0x000000000c5fc000 Threw 0x00000007d7d3d3f8 at C:\re\jdk7u71\1605\hotspot\src\share\vm\prims\jvm.cpp:1281
Event: 1.112 Thread 0x000000000c5fc000 Threw 0x00000007d7d40738 at C:\re\jdk7u71\1605\hotspot\src\share\vm\prims\jvm.cpp:1281
Event: 1.113 Thread 0x000000000c5fc000 Threw 0x00000007d7d56fc8 at C:\re\jdk7u71\1605\hotspot\src\share\vm\prims\jvm.cpp:1281
Event: 1.113 Thread 0x000000000c5fc000 Threw 0x00000007d7d5acc8 at C:\re\jdk7u71\1605\hotspot\src\share\vm\prims\jvm.cpp:1281
Event: 1.114 Thread 0x000000000c5fc000 Threw 0x00000007d7d5f950 at C:\re\jdk7u71\1605\hotspot\src\share\vm\prims\jvm.cpp:1281
Event: 1.114 Thread 0x000000000c5fc000 Implicit null exception at 0x000000000295b556 to 0x000000000295b661
Event: 1.114 Thread 0x000000000c5fc000 Implicit null exception at 0x0000000002943b96 to 0x0000000002943ca1

Events (10 events):
Event: 1.144 loading class 0x000000000fe31bb0
Event: 1.144 loading class 0x000000000fe31bb0 done
Event: 1.144 loading class 0x000000000fe31e80
Event: 1.144 loading class 0x000000000fe31e80 done
Event: 1.151 loading class 0x000000000fe31e20
Event: 1.151 loading class 0x000000000fe31e20 done
Event: 1.151 loading class 0x000000000fe31c40
Event: 1.151 loading class 0x000000000fe31c40 done
Event: 1.151 loading class 0x000000000fe31ca0
Event: 1.151 loading class 0x000000000fe31ca0 done


Dynamic libraries:
0x000000013f4b0000 - 0x000000013f4e3000 	C:\Program Files\Java\jdk1.7.0_71\bin\javaw.exe
0x0000000076e20000 - 0x0000000076fc9000 	C:\Windows\SYSTEM32\ntdll.dll
0x0000000076840000 - 0x000000007695f000 	C:\Windows\system32\kernel32.dll
0x000007fefd5e0000 - 0x000007fefd64c000 	C:\Windows\system32\KERNELBASE.dll
0x000007fefefb0000 - 0x000007feff08b000 	C:\Windows\system32\ADVAPI32.dll
0x000007fefe9f0000 - 0x000007fefea8f000 	C:\Windows\system32\msvcrt.dll
0x000007fefdab0000 - 0x000007fefdacf000 	C:\Windows\SYSTEM32\sechost.dll
0x000007fefd980000 - 0x000007fefdaad000 	C:\Windows\system32\RPCRT4.dll
0x0000000076740000 - 0x000000007683a000 	C:\Windows\system32\USER32.dll
0x000007fefd910000 - 0x000007fefd977000 	C:\Windows\system32\GDI32.dll
0x000007fefe9e0000 - 0x000007fefe9ee000 	C:\Windows\system32\LPK.dll
0x000007fefed40000 - 0x000007fefee09000 	C:\Windows\system32\USP10.dll
0x000007fefbc80000 - 0x000007fefbe74000 	C:\Windows\WinSxS\amd64_microsoft.windows.common-controls_6595b64144ccf1df_6.0.7601.17514_none_fa396087175ac9ac\COMCTL32.dll
0x000007fefdb80000 - 0x000007fefdbf1000 	C:\Windows\system32\SHLWAPI.dll
0x000007fefdc00000 - 0x000007fefdc2e000 	C:\Windows\system32\IMM32.DLL
0x000007fefee10000 - 0x000007fefef19000 	C:\Windows\system32\MSCTF.dll
0x000007fefd240000 - 0x000007fefd280000 	C:\Windows\system32\nvinitx.dll
0x0000000074690000 - 0x00000000746c9000 	C:\PROGRA~2\Sophos\SOPHOS~1\SOPHOS~2.DLL
0x0000000076fe0000 - 0x0000000076fe7000 	C:\Windows\system32\PSAPI.DLL
0x0000000072410000 - 0x00000000724e2000 	C:\Program Files\Java\jdk1.7.0_71\jre\bin\msvcr100.dll
0x000000005d390000 - 0x000000005db63000 	C:\Program Files\Java\jdk1.7.0_71\jre\bin\server\jvm.dll
0x000007fef2be0000 - 0x000007fef2be9000 	C:\Windows\system32\WSOCK32.dll
0x000007fefdb30000 - 0x000007fefdb7d000 	C:\Windows\system32\WS2_32.dll
0x000007fefef20000 - 0x000007fefef28000 	C:\Windows\system32\NSI.dll
0x000007fefb160000 - 0x000007fefb19b000 	C:\Windows\system32\WINMM.dll
0x00000000725c0000 - 0x00000000725cf000 	C:\Program Files\Java\jdk1.7.0_71\jre\bin\verify.dll
0x0000000072590000 - 0x00000000725b8000 	C:\Program Files\Java\jdk1.7.0_71\jre\bin\java.dll
0x0000000072570000 - 0x0000000072585000 	C:\Program Files\Java\jdk1.7.0_71\jre\bin\zip.dll
0x0000000072270000 - 0x0000000072405000 	C:\Program Files\Java\jdk1.7.0_71\jre\bin\awt.dll
0x000007fefd650000 - 0x000007fefd727000 	C:\Windows\system32\OLEAUT32.dll
0x000007fefea90000 - 0x000007fefec93000 	C:\Windows\system32\ole32.dll
0x000007fefb950000 - 0x000007fefb9a6000 	C:\Windows\system32\uxtheme.dll
0x000007fefb930000 - 0x000007fefb948000 	C:\Windows\system32\dwmapi.dll
0x000007fefd170000 - 0x000007fefd17f000 	C:\Windows\system32\CRYPTBASE.dll
0x000007fefdc30000 - 0x000007fefe9b8000 	C:\Windows\system32\SHELL32.dll
0x0000000072520000 - 0x0000000072567000 	C:\Program Files\Java\jdk1.7.0_71\jre\bin\fontmanager.dll
0x0000000072500000 - 0x0000000072519000 	C:\Program Files\Java\jdk1.7.0_71\jre\bin\net.dll
0x000007fefc430000 - 0x000007fefc45f000 	C:\ProgramData\Sophos\Web Intelligence\swi_ifslsp_64.dll
0x000007fefc420000 - 0x000007fefc42c000 	C:\Windows\system32\VERSION.dll
0x000007fefcab0000 - 0x000007fefcb05000 	C:\Windows\system32\mswsock.dll
0x000007fefcaa0000 - 0x000007fefcaa7000 	C:\Windows\System32\wship6.dll
0x0000000072250000 - 0x0000000072261000 	C:\Program Files\Java\jdk1.7.0_71\jre\bin\nio.dll
0x0000000072200000 - 0x0000000072241000 	C:\Program Files\Java\jdk1.7.0_71\jre\bin\t2k.dll
0x000007fef9ef0000 - 0x000007fef9f90000 	C:\Windows\WinSxS\amd64_microsoft.windows.common-controls_6595b64144ccf1df_5.82.7601.17514_none_a4d6a923711520a9\comctl32.dll
0x000007fefd730000 - 0x000007fefd907000 	C:\Windows\system32\SETUPAPI.dll
0x000007fefd580000 - 0x000007fefd5b6000 	C:\Windows\system32\CFGMGR32.dll
0x000007fefd5c0000 - 0x000007fefd5da000 	C:\Windows\system32\DEVOBJ.dll
0x000007fefeca0000 - 0x000007fefed39000 	C:\Windows\system32\CLBCatQ.DLL
0x000007fefb9b0000 - 0x000007fefbadc000 	C:\Windows\system32\propsys.dll
0x000007fefbc50000 - 0x000007fefbc7d000 	C:\Windows\system32\ntmarta.dll
0x000007fefdad0000 - 0x000007fefdb22000 	C:\Windows\system32\WLDAP32.dll
0x000007fefd110000 - 0x000007fefd167000 	C:\Windows\system32\apphelp.dll
0x000007fef55e0000 - 0x000007fef577c000 	C:\Windows\system32\NetworkExplorer.dll
0x000007fef7050000 - 0x000007fef7084000 	C:\Windows\System32\shdocvw.dll
0x000007fefd280000 - 0x000007fefd28f000 	C:\Windows\system32\profapi.dll
0x000007fefafb0000 - 0x000007fefafbb000 	C:\Windows\system32\slc.dll
0x000007fefb220000 - 0x000007fefb34a000 	C:\Windows\system32\WindowsCodecs.dll
0x000007fefabb0000 - 0x000007fefabdf000 	C:\Program Files (x86)\sciebo\shellext\OCOverlays_x64.dll
0x000007fefada0000 - 0x000007fefadb2000 	C:\Program Files (x86)\sciebo\shellext\OCUtil_x64.dll
0x000007fef88b0000 - 0x000007fef8956000 	C:\Windows\system32\MSVCP120.dll
0x000007fef87c0000 - 0x000007fef88af000 	C:\Windows\system32\MSVCR120.dll
0x000007fef7b20000 - 0x000007fef7b67000 	C:\Program Files (x86)\ownCloud\shellext\OCOverlays_x64.dll
0x000007feef6b0000 - 0x000007feef7d5000 	C:\Windows\system32\dbghelp.dll

VM Arguments:
jvm_args: -Dfile.encoding=Cp1252 
java_command: net.rs.lamsi.multiimager.Frames.ImageEditorWindow
Launcher Type: SUN_STANDARD

Environment Variables:
PATH=C:/Program Files/Java/jre1.8.0_91/bin/server;C:/Program Files/Java/jre1.8.0_91/bin;C:/Program Files/Java/jre1.8.0_91/lib/amd64;C:\Program Files (x86)\Common Files\Intel\Shared Libraries\redist\intel64\compiler;C:\ProgramData\Oracle\Java\javapath;C:\Python27\Lib\site-packages\PyQt4;C:\Inetpub\tpp-bin;C:\Perl64\site\bin;C:\Perl64\bin;C:\Program Files (x86)\NVIDIA Corporation\PhysX\Common;C:\Program Files (x86)\Intel\iCLS Client;C:\Program Files\Intel\iCLS Client;C:\Windows\system32;C:\Windows;C:\Windows\System32\Wbem;C:\Windows\System32\WindowsPowerShell\v1.0;C:\Program Files\Intel\Intel(R) Management Engine Components\DAL;C:\Program Files\Intel\Intel(R) Management Engine Components\IPT;C:\Program Files (x86)\Intel\Intel(R) Management Engine Components\DAL;C:\Program Files (x86)\Intel\Intel(R) Management Engine Components\IPT;C:\Program Files (x86)\Intel\OpenCL SDK\2.0\bin\x86;C:\Program Files (x86)\Intel\OpenCL SDK\2.0\bin\x64;C:\Program Files\LaTex\MiKTeX 2.9\miktex\bin\x64;C:\Program Files\Mass++\bin;C:\Program Files\TortoiseSVN\bin;C:\Program Files\OpenMS-1.11\bin;C:\Program Files\OpenMS-1.11\share\OpenMS\THIRDPARTY\pwiz-bin;C:\Program Files\Calibre2;C:\Program Files\IVI Foundation\VISA\Win64\Bin;C:\Program Files (x86)\IVI Foundation\VISA\WinNT\Bin;C:\Program Files (x86)\IVI Foundation\VISA\WinNT\Bin;C:\Program Files (x86)\Skype\Phone;C:\Program Files\OpenMS-2.0\bin;C:\Program Files\OpenMS-2.0\share\OpenMS\THIRDPARTY\pwiz-bin;C:\Program Files\OpenMS-2.0\share\OpenMS\THIRDPARTY\64bit\OMSSA;C:\Program Files\OpenMS-2.0\share\OpenMS\THIRDPARTY\64bit\XTandem;C:\Program Files\OpenMS-2.0\share\OpenMS\THIRDPARTY\64bit\MyriMatch;C:\Program Files\OpenMS-2.0\share\OpenMS\THIRDPARTY\64bit\MSGFPlus;C:\Program Files\OpenMS-2.0\share\OpenMS\THIRDPARTY\64bit\Fido;E:\Anderes\Programme zum Installieren\java\eclipse-java-luna-SR1-win32-x86_64\eclipse;
USERNAME=vukmir69
OS=Windows_NT
PROCESSOR_IDENTIFIER=Intel64 Family 6 Model 58 Stepping 9, GenuineIntel



---------------  S Y S T E M  ---------------

OS: Windows 7 , 64 bit Build 7601 Service Pack 1

CPU:total 8 (4 cores per cpu, 2 threads per core) family 6 model 58 stepping 9, cmov, cx8, fxsr, mmx, sse, sse2, sse3, ssse3, sse4.1, sse4.2, popcnt, avx, aes, erms, ht, tsc, tscinvbit, tscinv

Memory: 4k page, physical 8272156k(3491772k free), swap 16542460k(11270888k free)

vm_info: Java HotSpot(TM) 64-Bit Server VM (24.71-b01) for windows-amd64 JRE (1.7.0_71-b14), built on Sep 26 2014 16:16:12 by "java_re" with unknown MS VC++:1600

time: Tue Jun 07 16:51:51 2016
elapsed time: 1 seconds

